Starting up http-server, serving .
Available on:
  http://127.0.0.1:8086
  http://192.168.134.148:8086
  http://172.17.0.1:8086
Hit CTRL-C to stop the server
[Wed Jun 07 2017 14:53:21 GMT+0200 (CEST)] "GET /index.html?project=finpmt" "Mozilla/5.0 (Windows NT 10.0; Win64; x64) AppleWebKit/537.36 (KHTML, like Gecko) Chrome/58.0.3029.110 Safari/537.36"
[Wed Jun 07 2017 14:53:25 GMT+0200 (CEST)] "GET /assets/img/favicon.ico" "Mozilla/5.0 (Windows NT 10.0; Win64; x64) AppleWebKit/537.36 (KHTML, like Gecko) Chrome/58.0.3029.110 Safari/537.36"
[Wed Jun 07 2017 14:53:29 GMT+0200 (CEST)] "GET /index.html?project=finpmt" "Mozilla/5.0 (Windows NT 10.0; Win64; x64) AppleWebKit/537.36 (KHTML, like Gecko) Chrome/58.0.3029.110 Safari/537.36"
[Wed Jun 07 2017 14:53:31 GMT+0200 (CEST)] "GET /assets/img/favicon.ico" "Mozilla/5.0 (Windows NT 10.0; Win64; x64) AppleWebKit/537.36 (KHTML, like Gecko) Chrome/58.0.3029.110 Safari/537.36"
[Wed Jun 07 2017 14:55:16 GMT+0200 (CEST)] "GET /index.html?project=finpmt" "Mozilla/5.0 (Windows NT 10.0; Win64; x64) AppleWebKit/537.36 (KHTML, like Gecko) Chrome/58.0.3029.110 Safari/537.36"
[Wed Jun 07 2017 14:55:19 GMT+0200 (CEST)] "GET /assets/img/favicon.ico" "Mozilla/5.0 (Windows NT 10.0; Win64; x64) AppleWebKit/537.36 (KHTML, like Gecko) Chrome/58.0.3029.110 Safari/537.36"
[Wed Jun 07 2017 15:11:52 GMT+0200 (CEST)] "GET /index.html?project=finpmt" "Mozilla/5.0 (Windows NT 10.0; Win64; x64) AppleWebKit/537.36 (KHTML, like Gecko) Chrome/58.0.3029.110 Safari/537.36"
[Wed Jun 07 2017 15:11:56 GMT+0200 (CEST)] "GET /assets/img/favicon.ico" "Mozilla/5.0 (Windows NT 10.0; Win64; x64) AppleWebKit/537.36 (KHTML, like Gecko) Chrome/58.0.3029.110 Safari/537.36"
events.js:160
      throw er; // Unhandled 'error' event
      ^

Error: listen EADDRINUSE 0.0.0.0:8086
    at Object.exports._errnoException (util.js:1022:11)
    at exports._exceptionWithHostPort (util.js:1045:20)
    at Server._listen2 (net.js:1259:14)
    at listen (net.js:1295:10)
    at net.js:1405:9
    at _combinedTickCallback (internal/process/next_tick.js:77:11)
    at process._tickCallback (internal/process/next_tick.js:98:9)
    at Module.runMain (module.js:606:11)
    at run (bootstrap_node.js:394:7)
    at startup (bootstrap_node.js:149:9)
http-server stopped.
Starting up http-server, serving .
Available on:
  http://127.0.0.1:8086
  http://192.168.134.148:8086
  http://172.17.0.1:8086
Hit CTRL-C to stop the server
[Wed Jun 07 2017 17:35:51 GMT+0200 (CEST)] "GET /index.html?project=finpmt" "Mozilla/5.0 (Windows NT 10.0; Win64; x64) AppleWebKit/537.36 (KHTML, like Gecko) Chrome/58.0.3029.110 Safari/537.36"
[Wed Jun 07 2017 17:35:51 GMT+0200 (CEST)] "GET /assets/css/demo.css" "Mozilla/5.0 (Windows NT 10.0; Win64; x64) AppleWebKit/537.36 (KHTML, like Gecko) Chrome/58.0.3029.110 Safari/537.36"
[Wed Jun 07 2017 17:35:51 GMT+0200 (CEST)] "GET /assets/css/animate.min.css" "Mozilla/5.0 (Windows NT 10.0; Win64; x64) AppleWebKit/537.36 (KHTML, like Gecko) Chrome/58.0.3029.110 Safari/537.36"
[Wed Jun 07 2017 17:35:51 GMT+0200 (CEST)] "GET /assets/css/bootstrap.min.css" "Mozilla/5.0 (Windows NT 10.0; Win64; x64) AppleWebKit/537.36 (KHTML, like Gecko) Chrome/58.0.3029.110 Safari/537.36"
[Wed Jun 07 2017 17:35:51 GMT+0200 (CEST)] "GET /assets/css/light-bootstrap-dashboard.css" "Mozilla/5.0 (Windows NT 10.0; Win64; x64) AppleWebKit/537.36 (KHTML, like Gecko) Chrome/58.0.3029.110 Safari/537.36"
[Wed Jun 07 2017 17:35:51 GMT+0200 (CEST)] "GET /assets/js/jquery-1.10.2.js" "Mozilla/5.0 (Windows NT 10.0; Win64; x64) AppleWebKit/537.36 (KHTML, like Gecko) Chrome/58.0.3029.110 Safari/537.36"
[Wed Jun 07 2017 17:35:51 GMT+0200 (CEST)] "GET /assets/css/pe-icon-7-stroke.css" "Mozilla/5.0 (Windows NT 10.0; Win64; x64) AppleWebKit/537.36 (KHTML, like Gecko) Chrome/58.0.3029.110 Safari/537.36"
[Wed Jun 07 2017 17:35:51 GMT+0200 (CEST)] "GET /assets/js/bootstrap.min.js" "Mozilla/5.0 (Windows NT 10.0; Win64; x64) AppleWebKit/537.36 (KHTML, like Gecko) Chrome/58.0.3029.110 Safari/537.36"
[Wed Jun 07 2017 17:35:51 GMT+0200 (CEST)] "GET /assets/js/bootstrap-checkbox-radio-switch.js" "Mozilla/5.0 (Windows NT 10.0; Win64; x64) AppleWebKit/537.36 (KHTML, like Gecko) Chrome/58.0.3029.110 Safari/537.36"
[Wed Jun 07 2017 17:35:51 GMT+0200 (CEST)] "GET /assets/js/chartist.min.js" "Mozilla/5.0 (Windows NT 10.0; Win64; x64) AppleWebKit/537.36 (KHTML, like Gecko) Chrome/58.0.3029.110 Safari/537.36"
[Wed Jun 07 2017 17:35:51 GMT+0200 (CEST)] "GET /assets/js/bootstrap-notify.js" "Mozilla/5.0 (Windows NT 10.0; Win64; x64) AppleWebKit/537.36 (KHTML, like Gecko) Chrome/58.0.3029.110 Safari/537.36"
[Wed Jun 07 2017 17:35:52 GMT+0200 (CEST)] "GET /assets/js/light-bootstrap-dashboard.js" "Mozilla/5.0 (Windows NT 10.0; Win64; x64) AppleWebKit/537.36 (KHTML, like Gecko) Chrome/58.0.3029.110 Safari/537.36"
[Wed Jun 07 2017 17:35:52 GMT+0200 (CEST)] "GET /conf.js" "Mozilla/5.0 (Windows NT 10.0; Win64; x64) AppleWebKit/537.36 (KHTML, like Gecko) Chrome/58.0.3029.110 Safari/537.36"
[Wed Jun 07 2017 17:35:52 GMT+0200 (CEST)] "GET /assets/js/demo.js" "Mozilla/5.0 (Windows NT 10.0; Win64; x64) AppleWebKit/537.36 (KHTML, like Gecko) Chrome/58.0.3029.110 Safari/537.36"
[Wed Jun 07 2017 17:35:52 GMT+0200 (CEST)] "GET /assets/img/cerberus_logo.png" "Mozilla/5.0 (Windows NT 10.0; Win64; x64) AppleWebKit/537.36 (KHTML, like Gecko) Chrome/58.0.3029.110 Safari/537.36"
[Wed Jun 07 2017 17:35:54 GMT+0200 (CEST)] "GET /index.html?project=finpmt" "Mozilla/5.0 (Windows NT 10.0; Win64; x64) AppleWebKit/537.36 (KHTML, like Gecko) Chrome/58.0.3029.110 Safari/537.36"
[Wed Jun 07 2017 17:35:54 GMT+0200 (CEST)] "GET /index.html?project=finpmt" "Mozilla/5.0 (Windows NT 10.0; Win64; x64) AppleWebKit/537.36 (KHTML, like Gecko) Chrome/58.0.3029.110 Safari/537.36"
[Wed Jun 07 2017 17:35:56 GMT+0200 (CEST)] "GET /assets/img/sidebar-5.jpg" "Mozilla/5.0 (Windows NT 10.0; Win64; x64) AppleWebKit/537.36 (KHTML, like Gecko) Chrome/58.0.3029.110 Safari/537.36"
[Wed Jun 07 2017 17:35:56 GMT+0200 (CEST)] "GET /assets/fonts/Pe-icon-7-stroke.woff?d7yf1v" "Mozilla/5.0 (Windows NT 10.0; Win64; x64) AppleWebKit/537.36 (KHTML, like Gecko) Chrome/58.0.3029.110 Safari/537.36"
[Wed Jun 07 2017 17:35:57 GMT+0200 (CEST)] "GET /assets/img/favicon.ico" "Mozilla/5.0 (Windows NT 10.0; Win64; x64) AppleWebKit/537.36 (KHTML, like Gecko) Chrome/58.0.3029.110 Safari/537.36"
[Wed Jun 07 2017 17:35:59 GMT+0200 (CEST)] "GET /index.html?project=productreferences" "Mozilla/5.0 (Windows NT 10.0; Win64; x64) AppleWebKit/537.36 (KHTML, like Gecko) Chrome/58.0.3029.110 Safari/537.36"
[Wed Jun 07 2017 17:38:30 GMT+0200 (CEST)] "GET /index.html?project=productreferences" "Mozilla/5.0 (Windows NT 10.0; Win64; x64) AppleWebKit/537.36 (KHTML, like Gecko) Chrome/58.0.3029.110 Safari/537.36"
[Wed Jun 07 2017 17:38:33 GMT+0200 (CEST)] "GET /assets/img/favicon.ico" "Mozilla/5.0 (Windows NT 10.0; Win64; x64) AppleWebKit/537.36 (KHTML, like Gecko) Chrome/58.0.3029.110 Safari/537.36"
[Thu Jun 08 2017 08:50:29 GMT+0200 (CEST)] "GET /assets/js/jquery-1.10.2.js" "Mozilla/5.0 (iPhone; CPU iPhone OS 10_3_1 like Mac OS X) AppleWebKit/603.1.30 (KHTML, like Gecko) Version/10.0 Mobile/14E304 Safari/602.1"
[Thu Jun 08 2017 08:50:29 GMT+0200 (CEST)] "GET /assets/js/bootstrap-checkbox-radio-switch.js" "Mozilla/5.0 (iPhone; CPU iPhone OS 10_3_1 like Mac OS X) AppleWebKit/603.1.30 (KHTML, like Gecko) Version/10.0 Mobile/14E304 Safari/602.1"
[Thu Jun 08 2017 08:50:29 GMT+0200 (CEST)] "GET /assets/js/bootstrap-notify.js" "Mozilla/5.0 (iPhone; CPU iPhone OS 10_3_1 like Mac OS X) AppleWebKit/603.1.30 (KHTML, like Gecko) Version/10.0 Mobile/14E304 Safari/602.1"
[Thu Jun 08 2017 08:50:29 GMT+0200 (CEST)] "GET /assets/img/sidebar-5.jpg" "Mozilla/5.0 (iPhone; CPU iPhone OS 10_3_1 like Mac OS X) AppleWebKit/603.1.30 (KHTML, like Gecko) Version/10.0 Mobile/14E304 Safari/602.1"
[Thu Jun 08 2017 08:50:29 GMT+0200 (CEST)] "GET /assets/js/demo.js" "Mozilla/5.0 (iPhone; CPU iPhone OS 10_3_1 like Mac OS X) AppleWebKit/603.1.30 (KHTML, like Gecko) Version/10.0 Mobile/14E304 Safari/602.1"
[Thu Jun 08 2017 08:50:29 GMT+0200 (CEST)] "GET /assets/js/light-bootstrap-dashboard.js" "Mozilla/5.0 (iPhone; CPU iPhone OS 10_3_1 like Mac OS X) AppleWebKit/603.1.30 (KHTML, like Gecko) Version/10.0 Mobile/14E304 Safari/602.1"
[Thu Jun 08 2017 08:50:29 GMT+0200 (CEST)] "GET /assets/css/demo.css" "Mozilla/5.0 (iPhone; CPU iPhone OS 10_3_1 like Mac OS X) AppleWebKit/603.1.30 (KHTML, like Gecko) Version/10.0 Mobile/14E304 Safari/602.1"
[Thu Jun 08 2017 08:50:29 GMT+0200 (CEST)] "GET /assets/css/light-bootstrap-dashboard.css" "Mozilla/5.0 (iPhone; CPU iPhone OS 10_3_1 like Mac OS X) AppleWebKit/603.1.30 (KHTML, like Gecko) Version/10.0 Mobile/14E304 Safari/602.1"
[Thu Jun 08 2017 08:50:30 GMT+0200 (CEST)] "GET /conf.js" "Mozilla/5.0 (iPhone; CPU iPhone OS 10_3_1 like Mac OS X) AppleWebKit/603.1.30 (KHTML, like Gecko) Version/10.0 Mobile/14E304 Safari/602.1"
[Thu Jun 08 2017 08:50:30 GMT+0200 (CEST)] "GET /assets/js/bootstrap.min.js" "Mozilla/5.0 (iPhone; CPU iPhone OS 10_3_1 like Mac OS X) AppleWebKit/603.1.30 (KHTML, like Gecko) Version/10.0 Mobile/14E304 Safari/602.1"
[Thu Jun 08 2017 08:50:30 GMT+0200 (CEST)] "GET /assets/css/animate.min.css" "Mozilla/5.0 (iPhone; CPU iPhone OS 10_3_1 like Mac OS X) AppleWebKit/603.1.30 (KHTML, like Gecko) Version/10.0 Mobile/14E304 Safari/602.1"
[Thu Jun 08 2017 08:50:30 GMT+0200 (CEST)] "GET /assets/css/pe-icon-7-stroke.css" "Mozilla/5.0 (iPhone; CPU iPhone OS 10_3_1 like Mac OS X) AppleWebKit/603.1.30 (KHTML, like Gecko) Version/10.0 Mobile/14E304 Safari/602.1"
[Thu Jun 08 2017 08:50:30 GMT+0200 (CEST)] "GET /assets/js/chartist.min.js" "Mozilla/5.0 (iPhone; CPU iPhone OS 10_3_1 like Mac OS X) AppleWebKit/603.1.30 (KHTML, like Gecko) Version/10.0 Mobile/14E304 Safari/602.1"
[Thu Jun 08 2017 08:50:30 GMT+0200 (CEST)] "GET /assets/css/bootstrap.min.css" "Mozilla/5.0 (iPhone; CPU iPhone OS 10_3_1 like Mac OS X) AppleWebKit/603.1.30 (KHTML, like Gecko) Version/10.0 Mobile/14E304 Safari/602.1"
[Thu Jun 08 2017 08:50:30 GMT+0200 (CEST)] "GET /assets/img/cerberus_logo.png" "Mozilla/5.0 (iPhone; CPU iPhone OS 10_3_1 like Mac OS X) AppleWebKit/603.1.30 (KHTML, like Gecko) Version/10.0 Mobile/14E304 Safari/602.1"
[Thu Jun 08 2017 17:02:32 GMT+0200 (CEST)] "GET /index.html?project=mmk&beginDate=2017-05-29&endDate=2017-06-04&beginDateCodeReview=2017-05-22&endDateCodeReview=2017-05-28" "Mozilla/5.0 (Windows NT 10.0; WOW64; rv:45.0) Gecko/20100101 Firefox/45.0"
[Thu Jun 08 2017 17:02:32 GMT+0200 (CEST)] "GET /assets/css/demo.css" "Mozilla/5.0 (Windows NT 10.0; WOW64; rv:45.0) Gecko/20100101 Firefox/45.0"
[Thu Jun 08 2017 17:02:32 GMT+0200 (CEST)] "GET /assets/css/animate.min.css" "Mozilla/5.0 (Windows NT 10.0; WOW64; rv:45.0) Gecko/20100101 Firefox/45.0"
[Thu Jun 08 2017 17:02:32 GMT+0200 (CEST)] "GET /assets/css/light-bootstrap-dashboard.css" "Mozilla/5.0 (Windows NT 10.0; WOW64; rv:45.0) Gecko/20100101 Firefox/45.0"
[Thu Jun 08 2017 17:02:32 GMT+0200 (CEST)] "GET /assets/css/bootstrap.min.css" "Mozilla/5.0 (Windows NT 10.0; WOW64; rv:45.0) Gecko/20100101 Firefox/45.0"
[Thu Jun 08 2017 17:02:32 GMT+0200 (CEST)] "GET /assets/css/pe-icon-7-stroke.css" "Mozilla/5.0 (Windows NT 10.0; WOW64; rv:45.0) Gecko/20100101 Firefox/45.0"
[Thu Jun 08 2017 17:02:32 GMT+0200 (CEST)] "GET /assets/js/bootstrap.min.js" "Mozilla/5.0 (Windows NT 10.0; WOW64; rv:45.0) Gecko/20100101 Firefox/45.0"
[Thu Jun 08 2017 17:02:32 GMT+0200 (CEST)] "GET /assets/js/jquery-1.10.2.js" "Mozilla/5.0 (Windows NT 10.0; WOW64; rv:45.0) Gecko/20100101 Firefox/45.0"
[Thu Jun 08 2017 17:02:32 GMT+0200 (CEST)] "GET /assets/js/bootstrap-checkbox-radio-switch.js" "Mozilla/5.0 (Windows NT 10.0; WOW64; rv:45.0) Gecko/20100101 Firefox/45.0"
[Thu Jun 08 2017 17:02:32 GMT+0200 (CEST)] "GET /assets/js/chartist.min.js" "Mozilla/5.0 (Windows NT 10.0; WOW64; rv:45.0) Gecko/20100101 Firefox/45.0"
[Thu Jun 08 2017 17:02:32 GMT+0200 (CEST)] "GET /assets/js/bootstrap-notify.js" "Mozilla/5.0 (Windows NT 10.0; WOW64; rv:45.0) Gecko/20100101 Firefox/45.0"
[Thu Jun 08 2017 17:02:32 GMT+0200 (CEST)] "GET /assets/js/light-bootstrap-dashboard.js" "Mozilla/5.0 (Windows NT 10.0; WOW64; rv:45.0) Gecko/20100101 Firefox/45.0"
[Thu Jun 08 2017 17:02:32 GMT+0200 (CEST)] "GET /conf.js" "Mozilla/5.0 (Windows NT 10.0; WOW64; rv:45.0) Gecko/20100101 Firefox/45.0"
[Thu Jun 08 2017 17:02:32 GMT+0200 (CEST)] "GET /assets/js/demo.js" "Mozilla/5.0 (Windows NT 10.0; WOW64; rv:45.0) Gecko/20100101 Firefox/45.0"
[Thu Jun 08 2017 17:02:32 GMT+0200 (CEST)] "GET /assets/img/cerberus_logo.png" "Mozilla/5.0 (Windows NT 10.0; WOW64; rv:45.0) Gecko/20100101 Firefox/45.0"
[Thu Jun 08 2017 17:02:32 GMT+0200 (CEST)] "GET /assets/img/sidebar-5.jpg" "Mozilla/5.0 (Windows NT 10.0; WOW64; rv:45.0) Gecko/20100101 Firefox/45.0"
[Thu Jun 08 2017 17:02:32 GMT+0200 (CEST)] "GET /assets/fonts/Pe-icon-7-stroke.woff?d7yf1v" "Mozilla/5.0 (Windows NT 10.0; WOW64; rv:45.0) Gecko/20100101 Firefox/45.0"
[Thu Jun 08 2017 17:03:35 GMT+0200 (CEST)] "GET /index.html?project=finpmt" "Mozilla/5.0 (Windows NT 10.0; WOW64; rv:45.0) Gecko/20100101 Firefox/45.0"
[Fri Jun 09 2017 09:50:14 GMT+0200 (CEST)] "GET /index.html?project=finpmt" "Mozilla/5.0 (Macintosh; Intel Mac OS X 10_12_1) AppleWebKit/537.36 (KHTML, like Gecko) Chrome/58.0.3029.110 Safari/537.36"
[Fri Jun 09 2017 09:50:14 GMT+0200 (CEST)] "GET /assets/css/demo.css" "Mozilla/5.0 (Macintosh; Intel Mac OS X 10_12_1) AppleWebKit/537.36 (KHTML, like Gecko) Chrome/58.0.3029.110 Safari/537.36"
[Fri Jun 09 2017 09:50:14 GMT+0200 (CEST)] "GET /assets/css/bootstrap.min.css" "Mozilla/5.0 (Macintosh; Intel Mac OS X 10_12_1) AppleWebKit/537.36 (KHTML, like Gecko) Chrome/58.0.3029.110 Safari/537.36"
[Fri Jun 09 2017 09:50:14 GMT+0200 (CEST)] "GET /assets/css/animate.min.css" "Mozilla/5.0 (Macintosh; Intel Mac OS X 10_12_1) AppleWebKit/537.36 (KHTML, like Gecko) Chrome/58.0.3029.110 Safari/537.36"
[Fri Jun 09 2017 09:50:14 GMT+0200 (CEST)] "GET /assets/css/light-bootstrap-dashboard.css" "Mozilla/5.0 (Macintosh; Intel Mac OS X 10_12_1) AppleWebKit/537.36 (KHTML, like Gecko) Chrome/58.0.3029.110 Safari/537.36"
[Fri Jun 09 2017 09:50:14 GMT+0200 (CEST)] "GET /assets/css/pe-icon-7-stroke.css" "Mozilla/5.0 (Macintosh; Intel Mac OS X 10_12_1) AppleWebKit/537.36 (KHTML, like Gecko) Chrome/58.0.3029.110 Safari/537.36"
[Fri Jun 09 2017 09:50:14 GMT+0200 (CEST)] "GET /assets/js/jquery-1.10.2.js" "Mozilla/5.0 (Macintosh; Intel Mac OS X 10_12_1) AppleWebKit/537.36 (KHTML, like Gecko) Chrome/58.0.3029.110 Safari/537.36"
[Fri Jun 09 2017 09:50:14 GMT+0200 (CEST)] "GET /assets/js/bootstrap.min.js" "Mozilla/5.0 (Macintosh; Intel Mac OS X 10_12_1) AppleWebKit/537.36 (KHTML, like Gecko) Chrome/58.0.3029.110 Safari/537.36"
[Fri Jun 09 2017 09:50:14 GMT+0200 (CEST)] "GET /assets/js/bootstrap-checkbox-radio-switch.js" "Mozilla/5.0 (Macintosh; Intel Mac OS X 10_12_1) AppleWebKit/537.36 (KHTML, like Gecko) Chrome/58.0.3029.110 Safari/537.36"
[Fri Jun 09 2017 09:50:14 GMT+0200 (CEST)] "GET /assets/js/chartist.min.js" "Mozilla/5.0 (Macintosh; Intel Mac OS X 10_12_1) AppleWebKit/537.36 (KHTML, like Gecko) Chrome/58.0.3029.110 Safari/537.36"
[Fri Jun 09 2017 09:50:14 GMT+0200 (CEST)] "GET /assets/js/bootstrap-notify.js" "Mozilla/5.0 (Macintosh; Intel Mac OS X 10_12_1) AppleWebKit/537.36 (KHTML, like Gecko) Chrome/58.0.3029.110 Safari/537.36"
[Fri Jun 09 2017 09:50:14 GMT+0200 (CEST)] "GET /assets/js/light-bootstrap-dashboard.js" "Mozilla/5.0 (Macintosh; Intel Mac OS X 10_12_1) AppleWebKit/537.36 (KHTML, like Gecko) Chrome/58.0.3029.110 Safari/537.36"
[Fri Jun 09 2017 09:50:14 GMT+0200 (CEST)] "GET /conf.js" "Mozilla/5.0 (Macintosh; Intel Mac OS X 10_12_1) AppleWebKit/537.36 (KHTML, like Gecko) Chrome/58.0.3029.110 Safari/537.36"
[Fri Jun 09 2017 09:50:14 GMT+0200 (CEST)] "GET /assets/js/demo.js" "Mozilla/5.0 (Macintosh; Intel Mac OS X 10_12_1) AppleWebKit/537.36 (KHTML, like Gecko) Chrome/58.0.3029.110 Safari/537.36"
[Fri Jun 09 2017 09:50:14 GMT+0200 (CEST)] "GET /assets/img/cerberus_logo.png" "Mozilla/5.0 (Macintosh; Intel Mac OS X 10_12_1) AppleWebKit/537.36 (KHTML, like Gecko) Chrome/58.0.3029.110 Safari/537.36"
[Fri Jun 09 2017 09:50:14 GMT+0200 (CEST)] "GET /assets/img/sidebar-5.jpg" "Mozilla/5.0 (Macintosh; Intel Mac OS X 10_12_1) AppleWebKit/537.36 (KHTML, like Gecko) Chrome/58.0.3029.110 Safari/537.36"
[Fri Jun 09 2017 09:50:14 GMT+0200 (CEST)] "GET /assets/fonts/Pe-icon-7-stroke.woff?d7yf1v" "Mozilla/5.0 (Macintosh; Intel Mac OS X 10_12_1) AppleWebKit/537.36 (KHTML, like Gecko) Chrome/58.0.3029.110 Safari/537.36"
[Fri Jun 09 2017 09:51:43 GMT+0200 (CEST)] "GET /index.html?project=productreferences" "Mozilla/5.0 (Macintosh; Intel Mac OS X 10_12_1) AppleWebKit/537.36 (KHTML, like Gecko) Chrome/58.0.3029.110 Safari/537.36"
[Fri Jun 09 2017 11:18:49 GMT+0200 (CEST)] "GET /index.html?project=finpmt" "Mozilla/5.0 (Windows NT 10.0; Win64; x64) AppleWebKit/537.36 (KHTML, like Gecko) Chrome/58.0.3029.110 Safari/537.36"
[Fri Jun 09 2017 11:18:50 GMT+0200 (CEST)] "GET /assets/css/demo.css" "Mozilla/5.0 (Windows NT 10.0; Win64; x64) AppleWebKit/537.36 (KHTML, like Gecko) Chrome/58.0.3029.110 Safari/537.36"
[Fri Jun 09 2017 11:18:50 GMT+0200 (CEST)] "GET /assets/css/bootstrap.min.css" "Mozilla/5.0 (Windows NT 10.0; Win64; x64) AppleWebKit/537.36 (KHTML, like Gecko) Chrome/58.0.3029.110 Safari/537.36"
[Fri Jun 09 2017 11:18:50 GMT+0200 (CEST)] "GET /assets/css/light-bootstrap-dashboard.css" "Mozilla/5.0 (Windows NT 10.0; Win64; x64) AppleWebKit/537.36 (KHTML, like Gecko) Chrome/58.0.3029.110 Safari/537.36"
[Fri Jun 09 2017 11:18:50 GMT+0200 (CEST)] "GET /assets/css/animate.min.css" "Mozilla/5.0 (Windows NT 10.0; Win64; x64) AppleWebKit/537.36 (KHTML, like Gecko) Chrome/58.0.3029.110 Safari/537.36"
[Fri Jun 09 2017 11:18:50 GMT+0200 (CEST)] "GET /assets/css/pe-icon-7-stroke.css" "Mozilla/5.0 (Windows NT 10.0; Win64; x64) AppleWebKit/537.36 (KHTML, like Gecko) Chrome/58.0.3029.110 Safari/537.36"
[Fri Jun 09 2017 11:18:50 GMT+0200 (CEST)] "GET /assets/js/jquery-1.10.2.js" "Mozilla/5.0 (Windows NT 10.0; Win64; x64) AppleWebKit/537.36 (KHTML, like Gecko) Chrome/58.0.3029.110 Safari/537.36"
[Fri Jun 09 2017 11:18:50 GMT+0200 (CEST)] "GET /assets/js/bootstrap.min.js" "Mozilla/5.0 (Windows NT 10.0; Win64; x64) AppleWebKit/537.36 (KHTML, like Gecko) Chrome/58.0.3029.110 Safari/537.36"
[Fri Jun 09 2017 11:18:50 GMT+0200 (CEST)] "GET /assets/js/bootstrap-checkbox-radio-switch.js" "Mozilla/5.0 (Windows NT 10.0; Win64; x64) AppleWebKit/537.36 (KHTML, like Gecko) Chrome/58.0.3029.110 Safari/537.36"
[Fri Jun 09 2017 11:18:50 GMT+0200 (CEST)] "GET /assets/js/chartist.min.js" "Mozilla/5.0 (Windows NT 10.0; Win64; x64) AppleWebKit/537.36 (KHTML, like Gecko) Chrome/58.0.3029.110 Safari/537.36"
[Fri Jun 09 2017 11:18:50 GMT+0200 (CEST)] "GET /assets/js/bootstrap-notify.js" "Mozilla/5.0 (Windows NT 10.0; Win64; x64) AppleWebKit/537.36 (KHTML, like Gecko) Chrome/58.0.3029.110 Safari/537.36"
[Fri Jun 09 2017 11:18:50 GMT+0200 (CEST)] "GET /conf.js" "Mozilla/5.0 (Windows NT 10.0; Win64; x64) AppleWebKit/537.36 (KHTML, like Gecko) Chrome/58.0.3029.110 Safari/537.36"
[Fri Jun 09 2017 11:18:50 GMT+0200 (CEST)] "GET /assets/js/light-bootstrap-dashboard.js" "Mozilla/5.0 (Windows NT 10.0; Win64; x64) AppleWebKit/537.36 (KHTML, like Gecko) Chrome/58.0.3029.110 Safari/537.36"
[Fri Jun 09 2017 11:18:50 GMT+0200 (CEST)] "GET /assets/js/demo.js" "Mozilla/5.0 (Windows NT 10.0; Win64; x64) AppleWebKit/537.36 (KHTML, like Gecko) Chrome/58.0.3029.110 Safari/537.36"
[Fri Jun 09 2017 11:18:50 GMT+0200 (CEST)] "GET /assets/img/cerberus_logo.png" "Mozilla/5.0 (Windows NT 10.0; Win64; x64) AppleWebKit/537.36 (KHTML, like Gecko) Chrome/58.0.3029.110 Safari/537.36"
[Fri Jun 09 2017 11:18:56 GMT+0200 (CEST)] "GET /assets/img/sidebar-5.jpg" "Mozilla/5.0 (Windows NT 10.0; Win64; x64) AppleWebKit/537.36 (KHTML, like Gecko) Chrome/58.0.3029.110 Safari/537.36"
[Fri Jun 09 2017 11:18:56 GMT+0200 (CEST)] "GET /assets/fonts/Pe-icon-7-stroke.woff?d7yf1v" "Mozilla/5.0 (Windows NT 10.0; Win64; x64) AppleWebKit/537.36 (KHTML, like Gecko) Chrome/58.0.3029.110 Safari/537.36"
[Fri Jun 09 2017 11:19:09 GMT+0200 (CEST)] "GET /index.html?project=finpmt&beginDate=2017-05-29&endDate=2017-06-09&beginDateCodeReview=2017-05-22&endDateCodeReview=2017-05-28" "Mozilla/5.0 (Windows NT 10.0; Win64; x64) AppleWebKit/537.36 (KHTML, like Gecko) Chrome/58.0.3029.110 Safari/537.36"
Starting up http-server, serving .
Available on:
  http://169.254.138.226:8086
  http://192.168.99.1:8086
  http://192.168.1.38:8086
  http://127.0.0.1:8086
Hit CTRL-C to stop the server
[Tue Jun 13 2017 17:19:13 GMT+0200 (Paris, Madrid (heure d’été))] "GET /" "Mozilla/5.0 (Windows NT 10.0; Win64; x64) AppleWebKit/537.36 (KHTML, like Gecko) Chrome/58.0.3029.110 Safari/537.36"
[Tue Jun 13 2017 17:19:13 GMT+0200 (Paris, Madrid (heure d’été))] "GET /assets/css/demo.css" "Mozilla/5.0 (Windows NT 10.0; Win64; x64) AppleWebKit/537.36 (KHTML, like Gecko) Chrome/58.0.3029.110 Safari/537.36"
[Tue Jun 13 2017 17:19:13 GMT+0200 (Paris, Madrid (heure d’été))] "GET /assets/css/bootstrap.min.css" "Mozilla/5.0 (Windows NT 10.0; Win64; x64) AppleWebKit/537.36 (KHTML, like Gecko) Chrome/58.0.3029.110 Safari/537.36"
[Tue Jun 13 2017 17:19:13 GMT+0200 (Paris, Madrid (heure d’été))] "GET /assets/css/animate.min.css" "Mozilla/5.0 (Windows NT 10.0; Win64; x64) AppleWebKit/537.36 (KHTML, like Gecko) Chrome/58.0.3029.110 Safari/537.36"
[Tue Jun 13 2017 17:19:13 GMT+0200 (Paris, Madrid (heure d’été))] "GET /assets/css/light-bootstrap-dashboard.css" "Mozilla/5.0 (Windows NT 10.0; Win64; x64) AppleWebKit/537.36 (KHTML, like Gecko) Chrome/58.0.3029.110 Safari/537.36"
[Tue Jun 13 2017 17:19:13 GMT+0200 (Paris, Madrid (heure d’été))] "GET /assets/css/pe-icon-7-stroke.css" "Mozilla/5.0 (Windows NT 10.0; Win64; x64) AppleWebKit/537.36 (KHTML, like Gecko) Chrome/58.0.3029.110 Safari/537.36"
[Tue Jun 13 2017 17:19:13 GMT+0200 (Paris, Madrid (heure d’été))] "GET /assets/js/jquery-1.10.2.js" "Mozilla/5.0 (Windows NT 10.0; Win64; x64) AppleWebKit/537.36 (KHTML, like Gecko) Chrome/58.0.3029.110 Safari/537.36"
[Tue Jun 13 2017 17:19:13 GMT+0200 (Paris, Madrid (heure d’été))] "GET /assets/js/bootstrap.min.js" "Mozilla/5.0 (Windows NT 10.0; Win64; x64) AppleWebKit/537.36 (KHTML, like Gecko) Chrome/58.0.3029.110 Safari/537.36"
[Tue Jun 13 2017 17:19:14 GMT+0200 (Paris, Madrid (heure d’été))] "GET /assets/js/bootstrap-checkbox-radio-switch.js" "Mozilla/5.0 (Windows NT 10.0; Win64; x64) AppleWebKit/537.36 (KHTML, like Gecko) Chrome/58.0.3029.110 Safari/537.36"
[Tue Jun 13 2017 17:19:14 GMT+0200 (Paris, Madrid (heure d’été))] "GET /assets/js/chartist.min.js" "Mozilla/5.0 (Windows NT 10.0; Win64; x64) AppleWebKit/537.36 (KHTML, like Gecko) Chrome/58.0.3029.110 Safari/537.36"
[Tue Jun 13 2017 17:19:14 GMT+0200 (Paris, Madrid (heure d’été))] "GET /assets/js/bootstrap-notify.js" "Mozilla/5.0 (Windows NT 10.0; Win64; x64) AppleWebKit/537.36 (KHTML, like Gecko) Chrome/58.0.3029.110 Safari/537.36"
[Tue Jun 13 2017 17:19:14 GMT+0200 (Paris, Madrid (heure d’été))] "GET /assets/js/light-bootstrap-dashboard.js" "Mozilla/5.0 (Windows NT 10.0; Win64; x64) AppleWebKit/537.36 (KHTML, like Gecko) Chrome/58.0.3029.110 Safari/537.36"
[Tue Jun 13 2017 17:19:14 GMT+0200 (Paris, Madrid (heure d’été))] "GET /conf.js" "Mozilla/5.0 (Windows NT 10.0; Win64; x64) AppleWebKit/537.36 (KHTML, like Gecko) Chrome/58.0.3029.110 Safari/537.36"
[Tue Jun 13 2017 17:19:14 GMT+0200 (Paris, Madrid (heure d’été))] "GET /assets/js/demo.js" "Mozilla/5.0 (Windows NT 10.0; Win64; x64) AppleWebKit/537.36 (KHTML, like Gecko) Chrome/58.0.3029.110 Safari/537.36"
[Tue Jun 13 2017 17:19:14 GMT+0200 (Paris, Madrid (heure d’été))] "GET /assets/img/cerberus_logo.png" "Mozilla/5.0 (Windows NT 10.0; Win64; x64) AppleWebKit/537.36 (KHTML, like Gecko) Chrome/58.0.3029.110 Safari/537.36"
[Tue Jun 13 2017 17:19:14 GMT+0200 (Paris, Madrid (heure d’été))] "GET /assets/fonts/Pe-icon-7-stroke.woff?d7yf1v" "Mozilla/5.0 (Windows NT 10.0; Win64; x64) AppleWebKit/537.36 (KHTML, like Gecko) Chrome/58.0.3029.110 Safari/537.36"
[Tue Jun 13 2017 17:19:15 GMT+0200 (Paris, Madrid (heure d’été))] "GET /assets/img/sidebar-5.jpg" "Mozilla/5.0 (Windows NT 10.0; Win64; x64) AppleWebKit/537.36 (KHTML, like Gecko) Chrome/58.0.3029.110 Safari/537.36"
[Tue Jun 13 2017 17:19:18 GMT+0200 (Paris, Madrid (heure d’été))] "GET /?project=codeReview" "Mozilla/5.0 (Windows NT 10.0; Win64; x64) AppleWebKit/537.36 (KHTML, like Gecko) Chrome/58.0.3029.110 Safari/537.36"
[Tue Jun 13 2017 17:19:30 GMT+0200 (Paris, Madrid (heure d’été))] "GET /?project=codeReview" "Mozilla/5.0 (Windows NT 10.0; Win64; x64) AppleWebKit/537.36 (KHTML, like Gecko) Chrome/58.0.3029.110 Safari/537.36"
[Tue Jun 13 2017 17:19:34 GMT+0200 (Paris, Madrid (heure d’été))] "GET /?project=codeReview" "Mozilla/5.0 (Windows NT 10.0; Win64; x64) AppleWebKit/537.36 (KHTML, like Gecko) Chrome/58.0.3029.110 Safari/537.36"
[Tue Jun 13 2017 17:19:40 GMT+0200 (Paris, Madrid (heure d’été))] "GET /assets/img/favicon.ico" "Mozilla/5.0 (Windows NT 10.0; Win64; x64) AppleWebKit/537.36 (KHTML, like Gecko) Chrome/58.0.3029.110 Safari/537.36"
[Tue Jun 13 2017 17:20:23 GMT+0200 (Paris, Madrid (heure d’été))] "GET /?project=codeReview" "Mozilla/5.0 (Windows NT 10.0; Win64; x64) AppleWebKit/537.36 (KHTML, like Gecko) Chrome/58.0.3029.110 Safari/537.36"
[Tue Jun 13 2017 17:20:45 GMT+0200 (Paris, Madrid (heure d’été))] "GET /assets/img/favicon.ico" "Mozilla/5.0 (Windows NT 10.0; Win64; x64) AppleWebKit/537.36 (KHTML, like Gecko) Chrome/58.0.3029.110 Safari/537.36"
Starting up http-server, serving .
Available on:
  http://169.254.138.226:8086
  http://192.168.99.1:8086
  http://192.168.1.38:8086
  http://127.0.0.1:8086
Hit CTRL-C to stop the server
[Tue Jun 13 2017 17:21:44 GMT+0200 (Paris, Madrid (heure d’été))] "GET /?project=codeReview" "Mozilla/5.0 (Windows NT 10.0; Win64; x64) AppleWebKit/537.36 (KHTML, like Gecko) Chrome/58.0.3029.110 Safari/537.36"
[Tue Jun 13 2017 17:21:54 GMT+0200 (Paris, Madrid (heure d’été))] "GET /?project=codeReview" "Mozilla/5.0 (Windows NT 10.0; Win64; x64) AppleWebKit/537.36 (KHTML, like Gecko) Chrome/58.0.3029.110 Safari/537.36"
[Tue Jun 13 2017 17:21:56 GMT+0200 (Paris, Madrid (heure d’été))] "GET /?project=codeReview" "Mozilla/5.0 (Windows NT 10.0; Win64; x64) AppleWebKit/537.36 (KHTML, like Gecko) Chrome/58.0.3029.110 Safari/537.36"
[Tue Jun 13 2017 17:22:06 GMT+0200 (Paris, Madrid (heure d’été))] "GET /assets/img/favicon.ico" "Mozilla/5.0 (Windows NT 10.0; Win64; x64) AppleWebKit/537.36 (KHTML, like Gecko) Chrome/58.0.3029.110 Safari/537.36"
/c/Program Files/nodejs/http-server: line 14:  5272 Terminated              "$basedir/node" "$basedir/node_modules/http-server/bin/http-server" "$@"
Starting up http-server, serving .
Available on:
  http://169.254.138.226:8086
  http://192.168.99.1:8086
  http://192.168.1.38:8086
  http://127.0.0.1:8086
Hit CTRL-C to stop the server
/c/Program Files/nodejs/http-server: line 14:  6456 Terminated              "$basedir/node" "$basedir/node_modules/http-server/bin/http-server" "$@"
Starting up http-server, serving .
Available on:
  http://169.254.138.226:8086
  http://192.168.99.1:8086
  http://192.168.1.38:8086
  http://127.0.0.1:8086
Hit CTRL-C to stop the server
