{ address: '::', family: 'IPv6', port: 8085 }
Example app listening at http://:::8085
Wed, 07 Jun 2017 12:55:18 GMT express deprecated req.param(name): Use req.params, req.body, or req.query instead at server.js:72:17
Wed, 07 Jun 2017 12:55:18 GMT express deprecated req.param(name): Use req.params, req.body, or req.query instead at server.js:73:22
Wed, 07 Jun 2017 12:55:18 GMT express deprecated req.param(name): Use req.params, req.body, or req.query instead at server.js:74:20
Wed, 07 Jun 2017 12:55:18 GMT express deprecated req.param(name): Use req.params, req.body, or req.query instead at server.js:75:21
(node:24639) DeprecationWarning: exec: use child_process.execFile instead
Wed, 07 Jun 2017 12:55:18 GMT express deprecated req.param(name): Use req.params, req.body, or req.query instead at server.js:98:22
Wed, 07 Jun 2017 12:55:18 GMT express deprecated req.param(name): Use req.params, req.body, or req.query instead at server.js:99:21
call GetTagExecutions
Wed, 07 Jun 2017 12:55:18 GMT express deprecated req.param(name): Use req.params, req.body, or req.query instead at server.js:16:24
Wed, 07 Jun 2017 12:55:18 GMT express deprecated req.param(name): Use req.params, req.body, or req.query instead at server.js:17:21
working ...
end ! 
filtre ok
Wed, 07 Jun 2017 12:55:18 GMT express deprecated req.param(name): Use req.params, req.body, or req.query instead at server.js:42:24
Wed, 07 Jun 2017 12:55:18 GMT express deprecated req.param(name): Use req.params, req.body, or req.query instead at server.js:43:16
Wed, 07 Jun 2017 12:55:18 GMT express deprecated req.param(name): Use req.params, req.body, or req.query instead at server.js:44:21
Jenkins-20170606171313947 / jQuery110207824214601831179_1496840119043
call GetTagExecutions
working ...
end ! 
filtre ok
Jenkins-20170606171313947 / jQuery110206967396405209008_1496841110632
call GetTagExecutions
working ...
end ! 
filtre ok
Jenkins-20170606171313947 / jQuery11020312027507732759_1496841113586
call GetTagExecutions
working ...
end ! 
filtre ok
Jenkins-20170606171313947 / jQuery110207131616850404814_1496849758084
call GetTagExecutions
working ...
end ! 
filtre ok
Jenkins-20170606171313947 / jQuery110206422196277901491_1496904630229
call GetTagExecutions
working ...
end ! 
filtre ok
delivery-mmk-api_CI_201705241735 / jQuery110209334833122023742_1496934152723
call GetTagExecutions
working ...
end ! 
filtre ok
Jenkins-20170606171313947 / jQuery11020013995954903606611_1496934215520
call GetTagExecutions
working ...
end ! 
filtre ok
Jenkins-20170606171313947 / jQuery1102023160513771779256_1496994615391
call GetTagExecutions
working ...
end ! 
filtre ok
Jenkins-20170606171313947 / jQuery1102019217711479827693_1496994761060
call GetTagExecutions
working ...
end ! 
filtre ok
Jenkins-20170606171313947 / jQuery110202518621384245745_1496994945596
call GetTagExecutions
working ...
end ! 
filtre ok
Jenkins-20170606171313947 / jQuery110209269170657927046_1496999937784
call GetTagExecutions
working ...
end ! 
filtre ok
Jenkins-20170606171313947 / jQuery1102021999314199894382_1496999953815
call GetTagExecutions
working ...
end ! 
filtre ok
Jenkins-20170606171313947 / jQuery110206201922448283184_1497019060179
call GetTagExecutions
working ...
end ! 
filtre ok
Jenkins-20170606171313947 / jQuery1102011007310502751833_1497019170733
call GetTagExecutions
working ...
end ! 
filtre ok
delivery-mmk-api_CI_201705241735 / jQuery11020010335522099180094_1497019215677
call GetTagExecutions
working ...
end ! 
filtre ok
Jenkins-20170606171313947 / jQuery110207398864917517589_1497019247747
call GetTagExecutions
working ...
end ! 
filtre ok
Jenkins-20170606171313947 / jQuery1102005860921618272141_1497020694774
call GetTagExecutions
working ...
end ! 
filtre ok
Jenkins-20170606171313947 / jQuery1102007545830995974434_1497020779884
call GetTagExecutions
working ...
end ! 
filtre ok
Jenkins-20170606171313947 / jQuery110205556378370047841_1497020820276
call GetTagExecutions
working ...
end ! 
filtre ok
Jenkins-20170606171313947 / jQuery110206834415111502765_1497020862124
call GetTagExecutions
working ...
end ! 
filtre ok
Jenkins-20170606171313947 / jQuery110208504850248915363_1497020918072
call GetTagExecutions
working ...
end ! 
filtre ok
Jenkins-20170606171313947 / jQuery110205595453130494783_1497021004443
module.js:471
    throw err;
    ^

Error: Cannot find module 'express'
    at Function.Module._resolveFilename (module.js:469:15)
    at Function.Module._load (module.js:417:25)
    at Module.require (module.js:497:17)
    at require (internal/module.js:20:19)
    at Object.<anonymous> (C:\Users\ndeblock\dev\githome\QualityDashboard\server\server.js:2:15)
    at Module._compile (module.js:570:32)
    at Object.Module._extensions..js (module.js:579:10)
    at Module.load (module.js:487:32)
    at tryModuleLoad (module.js:446:12)
    at Function.Module._load (module.js:438:3)
module.js:471
    throw err;
    ^

Error: Cannot find module 'express'
    at Function.Module._resolveFilename (module.js:469:15)
    at Function.Module._load (module.js:417:25)
    at Module.require (module.js:497:17)
    at require (internal/module.js:20:19)
    at Object.<anonymous> (C:\Users\ndeblock\dev\githome\QualityDashboard\server\server.js:2:15)
    at Module._compile (module.js:570:32)
    at Object.Module._extensions..js (module.js:579:10)
    at Module.load (module.js:487:32)
    at tryModuleLoad (module.js:446:12)
    at Function.Module._load (module.js:438:3)
module.js:471
    throw err;
    ^

Error: Cannot find module 'express'
    at Function.Module._resolveFilename (module.js:469:15)
    at Function.Module._load (module.js:417:25)
    at Module.require (module.js:497:17)
    at require (internal/module.js:20:19)
    at Object.<anonymous> (C:\Users\ndeblock\dev\githome\QualityDashboard\server\server.js:2:15)
    at Module._compile (module.js:570:32)
    at Object.Module._extensions..js (module.js:579:10)
    at Module.load (module.js:487:32)
    at tryModuleLoad (module.js:446:12)
    at Function.Module._load (module.js:438:3)
{ address: '::', family: 'IPv6', port: 8085 }
Example app listening at http://:::8085
{ address: '::', family: 'IPv6', port: 8085 }
Example app listening at http://:::8085
{ address: '::', family: 'IPv6', port: 8085 }
Example app listening at http://:::8085
{ address: '::', family: 'IPv6', port: 8085 }
Example app listening at http://:::8085
{ address: '::', family: 'IPv6', port: 8085 }
Example app listening at http://:::8085
